<?xml version="1.0" encoding="UTF-8"?>
<testng-results skipped="0" failed="0" ignored="0" total="1" passed="1">
  <reporter-output>
  </reporter-output>
  <suite name="Default suite" duration-ms="448514" started-at="2019-03-06T10:23:48Z" finished-at="2019-03-06T10:31:16Z">
    <groups>
    </groups>
    <test name="Default test" duration-ms="448514" started-at="2019-03-06T10:23:48Z" finished-at="2019-03-06T10:31:16Z">
      <class name="com.ngc.demo1.B2BTestNG">
        <test-method status="PASS" signature="f()[pri:0, instance:com.ngc.demo1.B2BTestNG@59ec2012]" name="f" duration-ms="448417" started-at="2019-03-06T10:23:48Z" finished-at="2019-03-06T10:31:16Z">
          <reporter-output>
          </reporter-output>
        </test-method> <!-- f -->
      </class> <!-- com.ngc.demo1.B2BTestNG -->
    </test> <!-- Default test -->
  </suite> <!-- Default suite -->
</testng-results>
